ARM GAS   			page 1


   1              	 .cpu cortex-m4
   2              	 .arch armv7e-m
   3              	 .fpu fpv4-sp-d16
   4              	 .eabi_attribute 27,1
   5              	 .eabi_attribute 28,1
   6              	 .eabi_attribute 23,1
   7              	 .eabi_attribute 24,1
   8              	 .eabi_attribute 25,1
   9              	 .eabi_attribute 26,1
  10              	 .eabi_attribute 30,2
  11              	 .eabi_attribute 34,1
  12              	 .eabi_attribute 18,4
  13              	 .file "opamp.c"
  14              	 .text
  15              	.Ltext0:
  16              	 .cfi_sections .debug_frame
  17              	 .file 1 "Core/Src/opamp.c"
  18              	 .section .text.MX_OPAMP1_Init,"ax",%progbits
  19              	 .align 1
  20              	 .p2align 2,,3
  21              	 .global MX_OPAMP1_Init
  22              	 .syntax unified
  23              	 .thumb
  24              	 .thumb_func
  26              	MX_OPAMP1_Init:
  27              	.LFB361:
   1:Core/Src/opamp.c **** /* USER CODE BEGIN Header */
   2:Core/Src/opamp.c **** /**
   3:Core/Src/opamp.c ****   ******************************************************************************
   4:Core/Src/opamp.c ****   * @file    opamp.c
   5:Core/Src/opamp.c ****   * @brief   This file provides code for the configuration
   6:Core/Src/opamp.c ****   *          of the OPAMP instances.
   7:Core/Src/opamp.c ****   ******************************************************************************
   8:Core/Src/opamp.c ****   * @attention
   9:Core/Src/opamp.c ****   *
  10:Core/Src/opamp.c ****   * Copyright (c) 2025 STMicroelectronics.
  11:Core/Src/opamp.c ****   * All rights reserved.
  12:Core/Src/opamp.c ****   *
  13:Core/Src/opamp.c ****   * This software is licensed under terms that can be found in the LICENSE file
  14:Core/Src/opamp.c ****   * in the root directory of this software component.
  15:Core/Src/opamp.c ****   * If no LICENSE file comes with this software, it is provided AS-IS.
  16:Core/Src/opamp.c ****   *
  17:Core/Src/opamp.c ****   ******************************************************************************
  18:Core/Src/opamp.c ****   */
  19:Core/Src/opamp.c **** /* USER CODE END Header */
  20:Core/Src/opamp.c **** /* Includes ------------------------------------------------------------------*/
  21:Core/Src/opamp.c **** #include "opamp.h"
  22:Core/Src/opamp.c **** 
  23:Core/Src/opamp.c **** /* USER CODE BEGIN 0 */
  24:Core/Src/opamp.c **** 
  25:Core/Src/opamp.c **** /* USER CODE END 0 */
  26:Core/Src/opamp.c **** 
  27:Core/Src/opamp.c **** OPAMP_HandleTypeDef hopamp1;
  28:Core/Src/opamp.c **** OPAMP_HandleTypeDef hopamp2;
  29:Core/Src/opamp.c **** OPAMP_HandleTypeDef hopamp3;
  30:Core/Src/opamp.c **** OPAMP_HandleTypeDef hopamp4;
  31:Core/Src/opamp.c **** 
ARM GAS   			page 2


  32:Core/Src/opamp.c **** /* OPAMP1 init function */
  33:Core/Src/opamp.c **** void MX_OPAMP1_Init(void)
  34:Core/Src/opamp.c **** {
  28              	 .loc 1 34 1 view-0
  29              	 .cfi_startproc
  30              	 
  31              	 
  35:Core/Src/opamp.c **** 
  36:Core/Src/opamp.c ****   /* USER CODE BEGIN OPAMP1_Init 0 */
  37:Core/Src/opamp.c **** 
  38:Core/Src/opamp.c ****   /* USER CODE END OPAMP1_Init 0 */
  39:Core/Src/opamp.c **** 
  40:Core/Src/opamp.c ****   /* USER CODE BEGIN OPAMP1_Init 1 */
  41:Core/Src/opamp.c **** 
  42:Core/Src/opamp.c ****   /* USER CODE END OPAMP1_Init 1 */
  43:Core/Src/opamp.c ****   hopamp1.Instance = OPAMP1;
  32              	 .loc 1 43 3 view .LVU1
  34:Core/Src/opamp.c **** 
  33              	 .loc 1 34 1 is_stmt 0 view .LVU2
  34 0000 10B5     	 push {r4,lr}
  35              	 .cfi_def_cfa_offset 8
  36              	 .cfi_offset 4,-8
  37              	 .cfi_offset 14,-4
  38              	 .loc 1 43 20 view .LVU3
  39 0002 0A48     	 ldr r0,.L6
  40 0004 0A4C     	 ldr r4,.L6+4
  44:Core/Src/opamp.c ****   hopamp1.Init.PowerMode = OPAMP_POWERMODE_NORMALSPEED;
  41              	 .loc 1 44 26 view .LVU4
  42 0006 0023     	 movs r3,#0
  43 0008 6021     	 movs r1,#96
  45:Core/Src/opamp.c ****   hopamp1.Init.Mode = OPAMP_FOLLOWER_MODE;
  46:Core/Src/opamp.c ****   hopamp1.Init.NonInvertingInput = OPAMP_NONINVERTINGINPUT_IO1;
  44              	 .loc 1 46 34 view .LVU5
  45 000a 0422     	 movs r2,#4
  44:Core/Src/opamp.c ****   hopamp1.Init.PowerMode = OPAMP_POWERMODE_NORMALSPEED;
  46              	 .loc 1 44 26 view .LVU6
  47 000c C0E90043 	 strd r4,r3,[r0]
  48 0010 8160     	 str r1,[r0,#8]
  49              	 .loc 1 46 3 is_stmt 1 view .LVU7
  50              	 .loc 1 46 34 is_stmt 0 view .LVU8
  51 0012 0261     	 str r2,[r0,#16]
  47:Core/Src/opamp.c ****   hopamp1.Init.InternalOutput = DISABLE;
  52              	 .loc 1 47 3 is_stmt 1 view .LVU9
  53              	 .loc 1 47 31 is_stmt 0 view .LVU10
  54 0014 0375     	 strb r3,[r0,#20]
  48:Core/Src/opamp.c ****   hopamp1.Init.TimerControlledMuxmode = OPAMP_TIMERCONTROLLEDMUXMODE_DISABLE;
  55              	 .loc 1 48 3 is_stmt 1 view .LVU11
  56              	 .loc 1 48 39 is_stmt 0 view .LVU12
  57 0016 8361     	 str r3,[r0,#24]
  49:Core/Src/opamp.c ****   hopamp1.Init.UserTrimming = OPAMP_TRIMMING_FACTORY;
  58              	 .loc 1 49 3 is_stmt 1 view .LVU13
  59              	 .loc 1 49 29 is_stmt 0 view .LVU14
  60 0018 C362     	 str r3,[r0,#44]
  50:Core/Src/opamp.c ****   if (HAL_OPAMP_Init(&hopamp1) != HAL_OK)
  61              	 .loc 1 50 3 is_stmt 1 view .LVU15
  62              	 .loc 1 50 7 is_stmt 0 view .LVU16
  63 001a FFF7FEFF 	 bl HAL_OPAMP_Init
ARM GAS   			page 3


  64              	.LVL0:
  65              	 .loc 1 50 6 discriminator 1 view .LVU17
  66 001e 00B9     	 cbnz r0,.L5
  51:Core/Src/opamp.c ****   {
  52:Core/Src/opamp.c ****     Error_Handler();
  53:Core/Src/opamp.c ****   }
  54:Core/Src/opamp.c ****   /* USER CODE BEGIN OPAMP1_Init 2 */
  55:Core/Src/opamp.c **** 
  56:Core/Src/opamp.c ****   /* USER CODE END OPAMP1_Init 2 */
  57:Core/Src/opamp.c **** 
  58:Core/Src/opamp.c **** }
  67              	 .loc 1 58 1 view .LVU18
  68 0020 10BD     	 pop {r4,pc}
  69              	.L5:
  52:Core/Src/opamp.c ****   }
  70              	 .loc 1 52 5 is_stmt 1 view .LVU19
  71              	 .loc 1 58 1 is_stmt 0 view .LVU20
  72 0022 BDE81040 	 pop {r4,lr}
  73              	 .cfi_restore 14
  74              	 .cfi_restore 4
  75              	 .cfi_def_cfa_offset 0
  52:Core/Src/opamp.c ****   }
  76              	 .loc 1 52 5 view .LVU21
  77 0026 FFF7FEBF 	 b Error_Handler
  78              	.LVL1:
  79              	.L7:
  80 002a 00BF     	 .align 2
  81              	.L6:
  82 002c 00000000 	 .word hopamp1
  83 0030 00030140 	 .word 1073808128
  84              	 .cfi_endproc
  85              	.LFE361:
  87              	 .section .text.MX_OPAMP2_Init,"ax",%progbits
  88              	 .align 1
  89              	 .p2align 2,,3
  90              	 .global MX_OPAMP2_Init
  91              	 .syntax unified
  92              	 .thumb
  93              	 .thumb_func
  95              	MX_OPAMP2_Init:
  96              	.LFB362:
  59:Core/Src/opamp.c **** /* OPAMP2 init function */
  60:Core/Src/opamp.c **** void MX_OPAMP2_Init(void)
  61:Core/Src/opamp.c **** {
  97              	 .loc 1 61 1 is_stmt 1 view-0
  98              	 .cfi_startproc
  99              	 
 100              	 
  62:Core/Src/opamp.c **** 
  63:Core/Src/opamp.c ****   /* USER CODE BEGIN OPAMP2_Init 0 */
  64:Core/Src/opamp.c **** 
  65:Core/Src/opamp.c ****   /* USER CODE END OPAMP2_Init 0 */
  66:Core/Src/opamp.c **** 
  67:Core/Src/opamp.c ****   /* USER CODE BEGIN OPAMP2_Init 1 */
  68:Core/Src/opamp.c **** 
  69:Core/Src/opamp.c ****   /* USER CODE END OPAMP2_Init 1 */
  70:Core/Src/opamp.c ****   hopamp2.Instance = OPAMP2;
ARM GAS   			page 4


 101              	 .loc 1 70 3 view .LVU23
  61:Core/Src/opamp.c **** 
 102              	 .loc 1 61 1 is_stmt 0 view .LVU24
 103 0000 10B5     	 push {r4,lr}
 104              	 .cfi_def_cfa_offset 8
 105              	 .cfi_offset 4,-8
 106              	 .cfi_offset 14,-4
 107              	 .loc 1 70 20 view .LVU25
 108 0002 0A48     	 ldr r0,.L12
 109 0004 0A4C     	 ldr r4,.L12+4
  71:Core/Src/opamp.c ****   hopamp2.Init.PowerMode = OPAMP_POWERMODE_HIGHSPEED;
 110              	 .loc 1 71 26 view .LVU26
 111 0006 8022     	 movs r2,#128
  72:Core/Src/opamp.c ****   hopamp2.Init.Mode = OPAMP_FOLLOWER_MODE;
  73:Core/Src/opamp.c ****   hopamp2.Init.NonInvertingInput = OPAMP_NONINVERTINGINPUT_IO2;
  74:Core/Src/opamp.c ****   hopamp2.Init.InternalOutput = DISABLE;
 112              	 .loc 1 74 31 view .LVU27
 113 0008 0023     	 movs r3,#0
  71:Core/Src/opamp.c ****   hopamp2.Init.PowerMode = OPAMP_POWERMODE_HIGHSPEED;
 114              	 .loc 1 71 26 view .LVU28
 115 000a C0E90042 	 strd r4,r2,[r0]
 116 000e 6021     	 movs r1,#96
  73:Core/Src/opamp.c ****   hopamp2.Init.InternalOutput = DISABLE;
 117              	 .loc 1 73 34 view .LVU29
 118 0010 0822     	 movs r2,#8
  71:Core/Src/opamp.c ****   hopamp2.Init.PowerMode = OPAMP_POWERMODE_HIGHSPEED;
 119              	 .loc 1 71 26 view .LVU30
 120 0012 8160     	 str r1,[r0,#8]
  73:Core/Src/opamp.c ****   hopamp2.Init.InternalOutput = DISABLE;
 121              	 .loc 1 73 3 is_stmt 1 view .LVU31
  73:Core/Src/opamp.c ****   hopamp2.Init.InternalOutput = DISABLE;
 122              	 .loc 1 73 34 is_stmt 0 view .LVU32
 123 0014 0261     	 str r2,[r0,#16]
 124              	 .loc 1 74 3 is_stmt 1 view .LVU33
 125              	 .loc 1 74 31 is_stmt 0 view .LVU34
 126 0016 0375     	 strb r3,[r0,#20]
  75:Core/Src/opamp.c ****   hopamp2.Init.TimerControlledMuxmode = OPAMP_TIMERCONTROLLEDMUXMODE_DISABLE;
 127              	 .loc 1 75 3 is_stmt 1 view .LVU35
 128              	 .loc 1 75 39 is_stmt 0 view .LVU36
 129 0018 8361     	 str r3,[r0,#24]
  76:Core/Src/opamp.c ****   hopamp2.Init.UserTrimming = OPAMP_TRIMMING_FACTORY;
 130              	 .loc 1 76 3 is_stmt 1 view .LVU37
 131              	 .loc 1 76 29 is_stmt 0 view .LVU38
 132 001a C362     	 str r3,[r0,#44]
  77:Core/Src/opamp.c ****   if (HAL_OPAMP_Init(&hopamp2) != HAL_OK)
 133              	 .loc 1 77 3 is_stmt 1 view .LVU39
 134              	 .loc 1 77 7 is_stmt 0 view .LVU40
 135 001c FFF7FEFF 	 bl HAL_OPAMP_Init
 136              	.LVL2:
 137              	 .loc 1 77 6 discriminator 1 view .LVU41
 138 0020 00B9     	 cbnz r0,.L11
  78:Core/Src/opamp.c ****   {
  79:Core/Src/opamp.c ****     Error_Handler();
  80:Core/Src/opamp.c ****   }
  81:Core/Src/opamp.c ****   /* USER CODE BEGIN OPAMP2_Init 2 */
  82:Core/Src/opamp.c **** 
  83:Core/Src/opamp.c ****   /* USER CODE END OPAMP2_Init 2 */
ARM GAS   			page 5


  84:Core/Src/opamp.c **** 
  85:Core/Src/opamp.c **** }
 139              	 .loc 1 85 1 view .LVU42
 140 0022 10BD     	 pop {r4,pc}
 141              	.L11:
  79:Core/Src/opamp.c ****   }
 142              	 .loc 1 79 5 is_stmt 1 view .LVU43
 143              	 .loc 1 85 1 is_stmt 0 view .LVU44
 144 0024 BDE81040 	 pop {r4,lr}
 145              	 .cfi_restore 14
 146              	 .cfi_restore 4
 147              	 .cfi_def_cfa_offset 0
  79:Core/Src/opamp.c ****   }
 148              	 .loc 1 79 5 view .LVU45
 149 0028 FFF7FEBF 	 b Error_Handler
 150              	.LVL3:
 151              	.L13:
 152              	 .align 2
 153              	.L12:
 154 002c 00000000 	 .word hopamp2
 155 0030 04030140 	 .word 1073808132
 156              	 .cfi_endproc
 157              	.LFE362:
 159              	 .section .text.MX_OPAMP3_Init,"ax",%progbits
 160              	 .align 1
 161              	 .p2align 2,,3
 162              	 .global MX_OPAMP3_Init
 163              	 .syntax unified
 164              	 .thumb
 165              	 .thumb_func
 167              	MX_OPAMP3_Init:
 168              	.LFB363:
  86:Core/Src/opamp.c **** /* OPAMP3 init function */
  87:Core/Src/opamp.c **** void MX_OPAMP3_Init(void)
  88:Core/Src/opamp.c **** {
 169              	 .loc 1 88 1 is_stmt 1 view-0
 170              	 .cfi_startproc
 171              	 
 172              	 
  89:Core/Src/opamp.c **** 
  90:Core/Src/opamp.c ****   /* USER CODE BEGIN OPAMP3_Init 0 */
  91:Core/Src/opamp.c **** 
  92:Core/Src/opamp.c ****   /* USER CODE END OPAMP3_Init 0 */
  93:Core/Src/opamp.c **** 
  94:Core/Src/opamp.c ****   /* USER CODE BEGIN OPAMP3_Init 1 */
  95:Core/Src/opamp.c **** 
  96:Core/Src/opamp.c ****   /* USER CODE END OPAMP3_Init 1 */
  97:Core/Src/opamp.c ****   hopamp3.Instance = OPAMP3;
 173              	 .loc 1 97 3 view .LVU47
  88:Core/Src/opamp.c **** 
 174              	 .loc 1 88 1 is_stmt 0 view .LVU48
 175 0000 10B5     	 push {r4,lr}
 176              	 .cfi_def_cfa_offset 8
 177              	 .cfi_offset 4,-8
 178              	 .cfi_offset 14,-4
 179              	 .loc 1 97 20 view .LVU49
 180 0002 0A48     	 ldr r0,.L18
ARM GAS   			page 6


 181 0004 0A4C     	 ldr r4,.L18+4
  98:Core/Src/opamp.c ****   hopamp3.Init.PowerMode = OPAMP_POWERMODE_HIGHSPEED;
 182              	 .loc 1 98 26 view .LVU50
 183 0006 8022     	 movs r2,#128
  99:Core/Src/opamp.c ****   hopamp3.Init.Mode = OPAMP_FOLLOWER_MODE;
 100:Core/Src/opamp.c ****   hopamp3.Init.NonInvertingInput = OPAMP_NONINVERTINGINPUT_IO2;
 101:Core/Src/opamp.c ****   hopamp3.Init.InternalOutput = DISABLE;
 184              	 .loc 1 101 31 view .LVU51
 185 0008 0023     	 movs r3,#0
  98:Core/Src/opamp.c ****   hopamp3.Init.PowerMode = OPAMP_POWERMODE_HIGHSPEED;
 186              	 .loc 1 98 26 view .LVU52
 187 000a C0E90042 	 strd r4,r2,[r0]
 188 000e 6021     	 movs r1,#96
 100:Core/Src/opamp.c ****   hopamp3.Init.InternalOutput = DISABLE;
 189              	 .loc 1 100 34 view .LVU53
 190 0010 0822     	 movs r2,#8
  98:Core/Src/opamp.c ****   hopamp3.Init.PowerMode = OPAMP_POWERMODE_HIGHSPEED;
 191              	 .loc 1 98 26 view .LVU54
 192 0012 8160     	 str r1,[r0,#8]
 100:Core/Src/opamp.c ****   hopamp3.Init.InternalOutput = DISABLE;
 193              	 .loc 1 100 3 is_stmt 1 view .LVU55
 100:Core/Src/opamp.c ****   hopamp3.Init.InternalOutput = DISABLE;
 194              	 .loc 1 100 34 is_stmt 0 view .LVU56
 195 0014 0261     	 str r2,[r0,#16]
 196              	 .loc 1 101 3 is_stmt 1 view .LVU57
 197              	 .loc 1 101 31 is_stmt 0 view .LVU58
 198 0016 0375     	 strb r3,[r0,#20]
 102:Core/Src/opamp.c ****   hopamp3.Init.TimerControlledMuxmode = OPAMP_TIMERCONTROLLEDMUXMODE_DISABLE;
 199              	 .loc 1 102 3 is_stmt 1 view .LVU59
 200              	 .loc 1 102 39 is_stmt 0 view .LVU60
 201 0018 8361     	 str r3,[r0,#24]
 103:Core/Src/opamp.c ****   hopamp3.Init.UserTrimming = OPAMP_TRIMMING_FACTORY;
 202              	 .loc 1 103 3 is_stmt 1 view .LVU61
 203              	 .loc 1 103 29 is_stmt 0 view .LVU62
 204 001a C362     	 str r3,[r0,#44]
 104:Core/Src/opamp.c ****   if (HAL_OPAMP_Init(&hopamp3) != HAL_OK)
 205              	 .loc 1 104 3 is_stmt 1 view .LVU63
 206              	 .loc 1 104 7 is_stmt 0 view .LVU64
 207 001c FFF7FEFF 	 bl HAL_OPAMP_Init
 208              	.LVL4:
 209              	 .loc 1 104 6 discriminator 1 view .LVU65
 210 0020 00B9     	 cbnz r0,.L17
 105:Core/Src/opamp.c ****   {
 106:Core/Src/opamp.c ****     Error_Handler();
 107:Core/Src/opamp.c ****   }
 108:Core/Src/opamp.c ****   /* USER CODE BEGIN OPAMP3_Init 2 */
 109:Core/Src/opamp.c **** 
 110:Core/Src/opamp.c ****   /* USER CODE END OPAMP3_Init 2 */
 111:Core/Src/opamp.c **** 
 112:Core/Src/opamp.c **** }
 211              	 .loc 1 112 1 view .LVU66
 212 0022 10BD     	 pop {r4,pc}
 213              	.L17:
 106:Core/Src/opamp.c ****   }
 214              	 .loc 1 106 5 is_stmt 1 view .LVU67
 215              	 .loc 1 112 1 is_stmt 0 view .LVU68
 216 0024 BDE81040 	 pop {r4,lr}
ARM GAS   			page 7


 217              	 .cfi_restore 14
 218              	 .cfi_restore 4
 219              	 .cfi_def_cfa_offset 0
 106:Core/Src/opamp.c ****   }
 220              	 .loc 1 106 5 view .LVU69
 221 0028 FFF7FEBF 	 b Error_Handler
 222              	.LVL5:
 223              	.L19:
 224              	 .align 2
 225              	.L18:
 226 002c 00000000 	 .word hopamp3
 227 0030 08030140 	 .word 1073808136
 228              	 .cfi_endproc
 229              	.LFE363:
 231              	 .section .text.MX_OPAMP4_Init,"ax",%progbits
 232              	 .align 1
 233              	 .p2align 2,,3
 234              	 .global MX_OPAMP4_Init
 235              	 .syntax unified
 236              	 .thumb
 237              	 .thumb_func
 239              	MX_OPAMP4_Init:
 240              	.LFB364:
 113:Core/Src/opamp.c **** /* OPAMP4 init function */
 114:Core/Src/opamp.c **** void MX_OPAMP4_Init(void)
 115:Core/Src/opamp.c **** {
 241              	 .loc 1 115 1 is_stmt 1 view-0
 242              	 .cfi_startproc
 243              	 
 244              	 
 116:Core/Src/opamp.c **** 
 117:Core/Src/opamp.c ****   /* USER CODE BEGIN OPAMP4_Init 0 */
 118:Core/Src/opamp.c **** 
 119:Core/Src/opamp.c ****   /* USER CODE END OPAMP4_Init 0 */
 120:Core/Src/opamp.c **** 
 121:Core/Src/opamp.c ****   /* USER CODE BEGIN OPAMP4_Init 1 */
 122:Core/Src/opamp.c **** 
 123:Core/Src/opamp.c ****   /* USER CODE END OPAMP4_Init 1 */
 124:Core/Src/opamp.c ****   hopamp4.Instance = OPAMP4;
 245              	 .loc 1 124 3 view .LVU71
 246              	 .loc 1 124 20 is_stmt 0 view .LVU72
 247 0000 0948     	 ldr r0,.L24
 248 0002 0A49     	 ldr r1,.L24+4
 115:Core/Src/opamp.c **** 
 249              	 .loc 1 115 1 view .LVU73
 250 0004 08B5     	 push {r3,lr}
 251              	 .cfi_def_cfa_offset 8
 252              	 .cfi_offset 3,-8
 253              	 .cfi_offset 14,-4
 125:Core/Src/opamp.c ****   hopamp4.Init.PowerMode = OPAMP_POWERMODE_NORMALSPEED;
 254              	 .loc 1 125 26 view .LVU74
 255 0006 6022     	 movs r2,#96
 256 0008 0023     	 movs r3,#0
 257 000a C0E90013 	 strd r1,r3,[r0]
 258 000e 8260     	 str r2,[r0,#8]
 126:Core/Src/opamp.c ****   hopamp4.Init.Mode = OPAMP_FOLLOWER_MODE;
 127:Core/Src/opamp.c ****   hopamp4.Init.NonInvertingInput = OPAMP_NONINVERTINGINPUT_IO0;
ARM GAS   			page 8


 259              	 .loc 1 127 3 is_stmt 1 view .LVU75
 260              	 .loc 1 127 34 is_stmt 0 view .LVU76
 261 0010 0361     	 str r3,[r0,#16]
 128:Core/Src/opamp.c ****   hopamp4.Init.InternalOutput = DISABLE;
 262              	 .loc 1 128 3 is_stmt 1 view .LVU77
 263              	 .loc 1 128 31 is_stmt 0 view .LVU78
 264 0012 0375     	 strb r3,[r0,#20]
 129:Core/Src/opamp.c ****   hopamp4.Init.TimerControlledMuxmode = OPAMP_TIMERCONTROLLEDMUXMODE_DISABLE;
 265              	 .loc 1 129 3 is_stmt 1 view .LVU79
 266              	 .loc 1 129 39 is_stmt 0 view .LVU80
 267 0014 8361     	 str r3,[r0,#24]
 130:Core/Src/opamp.c ****   hopamp4.Init.UserTrimming = OPAMP_TRIMMING_FACTORY;
 268              	 .loc 1 130 3 is_stmt 1 view .LVU81
 269              	 .loc 1 130 29 is_stmt 0 view .LVU82
 270 0016 C362     	 str r3,[r0,#44]
 131:Core/Src/opamp.c ****   if (HAL_OPAMP_Init(&hopamp4) != HAL_OK)
 271              	 .loc 1 131 3 is_stmt 1 view .LVU83
 272              	 .loc 1 131 7 is_stmt 0 view .LVU84
 273 0018 FFF7FEFF 	 bl HAL_OPAMP_Init
 274              	.LVL6:
 275              	 .loc 1 131 6 discriminator 1 view .LVU85
 276 001c 00B9     	 cbnz r0,.L23
 132:Core/Src/opamp.c ****   {
 133:Core/Src/opamp.c ****     Error_Handler();
 134:Core/Src/opamp.c ****   }
 135:Core/Src/opamp.c ****   /* USER CODE BEGIN OPAMP4_Init 2 */
 136:Core/Src/opamp.c **** 
 137:Core/Src/opamp.c ****   /* USER CODE END OPAMP4_Init 2 */
 138:Core/Src/opamp.c **** 
 139:Core/Src/opamp.c **** }
 277              	 .loc 1 139 1 view .LVU86
 278 001e 08BD     	 pop {r3,pc}
 279              	.L23:
 133:Core/Src/opamp.c ****   }
 280              	 .loc 1 133 5 is_stmt 1 view .LVU87
 281              	 .loc 1 139 1 is_stmt 0 view .LVU88
 282 0020 BDE80840 	 pop {r3,lr}
 283              	 .cfi_restore 14
 284              	 .cfi_restore 3
 285              	 .cfi_def_cfa_offset 0
 133:Core/Src/opamp.c ****   }
 286              	 .loc 1 133 5 view .LVU89
 287 0024 FFF7FEBF 	 b Error_Handler
 288              	.LVL7:
 289              	.L25:
 290              	 .align 2
 291              	.L24:
 292 0028 00000000 	 .word hopamp4
 293 002c 0C030140 	 .word 1073808140
 294              	 .cfi_endproc
 295              	.LFE364:
 297              	 .section .text.HAL_OPAMP_MspInit,"ax",%progbits
 298              	 .align 1
 299              	 .p2align 2,,3
 300              	 .global HAL_OPAMP_MspInit
 301              	 .syntax unified
 302              	 .thumb
ARM GAS   			page 9


 303              	 .thumb_func
 305              	HAL_OPAMP_MspInit:
 306              	.LVL8:
 307              	.LFB365:
 140:Core/Src/opamp.c **** 
 141:Core/Src/opamp.c **** void HAL_OPAMP_MspInit(OPAMP_HandleTypeDef* opampHandle)
 142:Core/Src/opamp.c **** {
 308              	 .loc 1 142 1 is_stmt 1 view-0
 309              	 .cfi_startproc
 310              	 
 311              	 
 143:Core/Src/opamp.c **** 
 144:Core/Src/opamp.c ****   GPIO_InitTypeDef GPIO_InitStruct = {0};
 312              	 .loc 1 144 3 view .LVU91
 142:Core/Src/opamp.c **** 
 313              	 .loc 1 142 1 is_stmt 0 view .LVU92
 314 0000 D0B5     	 push {r4,r6,r7,lr}
 315              	 .cfi_def_cfa_offset 16
 316              	 .cfi_offset 4,-16
 317              	 .cfi_offset 6,-12
 318              	 .cfi_offset 7,-8
 319              	 .cfi_offset 14,-4
 145:Core/Src/opamp.c ****   if(opampHandle->Instance==OPAMP1)
 320              	 .loc 1 145 17 view .LVU93
 321 0002 0368     	 ldr r3,[r0]
 322              	 .loc 1 145 5 view .LVU94
 323 0004 444A     	 ldr r2,.L36
 142:Core/Src/opamp.c **** 
 324              	 .loc 1 142 1 view .LVU95
 325 0006 8CB0     	 sub sp,sp,#48
 326              	 .cfi_def_cfa_offset 64
 144:Core/Src/opamp.c ****   if(opampHandle->Instance==OPAMP1)
 327              	 .loc 1 144 20 view .LVU96
 328 0008 0024     	 movs r4,#0
 329              	 .loc 1 145 5 view .LVU97
 330 000a 9342     	 cmp r3,r2
 144:Core/Src/opamp.c ****   if(opampHandle->Instance==OPAMP1)
 331              	 .loc 1 144 20 view .LVU98
 332 000c CDE90644 	 strd r4,r4,[sp,#24]
 333 0010 CDE90844 	 strd r4,r4,[sp,#32]
 334 0014 0A94     	 str r4,[sp,#40]
 335              	 .loc 1 145 3 is_stmt 1 view .LVU99
 336              	 .loc 1 145 5 is_stmt 0 view .LVU100
 337 0016 1ED0     	 beq .L32
 146:Core/Src/opamp.c ****   {
 147:Core/Src/opamp.c ****   /* USER CODE BEGIN OPAMP1_MspInit 0 */
 148:Core/Src/opamp.c **** 
 149:Core/Src/opamp.c ****   /* USER CODE END OPAMP1_MspInit 0 */
 150:Core/Src/opamp.c **** 
 151:Core/Src/opamp.c ****     __HAL_RCC_GPIOA_CLK_ENABLE();
 152:Core/Src/opamp.c ****     /**OPAMP1 GPIO Configuration
 153:Core/Src/opamp.c ****     PA2     ------> OPAMP1_VOUT
 154:Core/Src/opamp.c ****     PA3     ------> OPAMP1_VINP
 155:Core/Src/opamp.c ****     */
 156:Core/Src/opamp.c ****     GPIO_InitStruct.Pin = GPIO_PIN_2|GPIO_PIN_3;
 157:Core/Src/opamp.c ****     GPIO_InitStruct.Mode = GPIO_MODE_ANALOG;
 158:Core/Src/opamp.c ****     GPIO_InitStruct.Pull = GPIO_NOPULL;
ARM GAS   			page 10


 159:Core/Src/opamp.c ****     HAL_GPIO_Init(GPIOA, &GPIO_InitStruct);
 160:Core/Src/opamp.c **** 
 161:Core/Src/opamp.c ****   /* USER CODE BEGIN OPAMP1_MspInit 1 */
 162:Core/Src/opamp.c **** 
 163:Core/Src/opamp.c ****   /* USER CODE END OPAMP1_MspInit 1 */
 164:Core/Src/opamp.c ****   }
 165:Core/Src/opamp.c ****   else if(opampHandle->Instance==OPAMP2)
 338              	 .loc 1 165 8 is_stmt 1 view .LVU101
 339              	 .loc 1 165 10 is_stmt 0 view .LVU102
 340 0018 404A     	 ldr r2,.L36+4
 341 001a 9342     	 cmp r3,r2
 342 001c 30D0     	 beq .L33
 166:Core/Src/opamp.c ****   {
 167:Core/Src/opamp.c ****   /* USER CODE BEGIN OPAMP2_MspInit 0 */
 168:Core/Src/opamp.c **** 
 169:Core/Src/opamp.c ****   /* USER CODE END OPAMP2_MspInit 0 */
 170:Core/Src/opamp.c **** 
 171:Core/Src/opamp.c ****     __HAL_RCC_GPIOA_CLK_ENABLE();
 172:Core/Src/opamp.c ****     __HAL_RCC_GPIOB_CLK_ENABLE();
 173:Core/Src/opamp.c ****     /**OPAMP2 GPIO Configuration
 174:Core/Src/opamp.c ****     PA6     ------> OPAMP2_VOUT
 175:Core/Src/opamp.c ****     PB0     ------> OPAMP2_VINP
 176:Core/Src/opamp.c ****     */
 177:Core/Src/opamp.c ****     GPIO_InitStruct.Pin = GPIO_PIN_6;
 178:Core/Src/opamp.c ****     GPIO_InitStruct.Mode = GPIO_MODE_ANALOG;
 179:Core/Src/opamp.c ****     GPIO_InitStruct.Pull = GPIO_NOPULL;
 180:Core/Src/opamp.c ****     HAL_GPIO_Init(GPIOA, &GPIO_InitStruct);
 181:Core/Src/opamp.c **** 
 182:Core/Src/opamp.c ****     GPIO_InitStruct.Pin = GPIO_PIN_0;
 183:Core/Src/opamp.c ****     GPIO_InitStruct.Mode = GPIO_MODE_ANALOG;
 184:Core/Src/opamp.c ****     GPIO_InitStruct.Pull = GPIO_NOPULL;
 185:Core/Src/opamp.c ****     HAL_GPIO_Init(GPIOB, &GPIO_InitStruct);
 186:Core/Src/opamp.c **** 
 187:Core/Src/opamp.c ****   /* USER CODE BEGIN OPAMP2_MspInit 1 */
 188:Core/Src/opamp.c **** 
 189:Core/Src/opamp.c ****   /* USER CODE END OPAMP2_MspInit 1 */
 190:Core/Src/opamp.c ****   }
 191:Core/Src/opamp.c ****   else if(opampHandle->Instance==OPAMP3)
 343              	 .loc 1 191 8 is_stmt 1 view .LVU103
 344              	 .loc 1 191 10 is_stmt 0 view .LVU104
 345 001e 404A     	 ldr r2,.L36+8
 346 0020 9342     	 cmp r3,r2
 347 0022 54D0     	 beq .L34
 192:Core/Src/opamp.c ****   {
 193:Core/Src/opamp.c ****   /* USER CODE BEGIN OPAMP3_MspInit 0 */
 194:Core/Src/opamp.c **** 
 195:Core/Src/opamp.c ****   /* USER CODE END OPAMP3_MspInit 0 */
 196:Core/Src/opamp.c **** 
 197:Core/Src/opamp.c ****     __HAL_RCC_GPIOA_CLK_ENABLE();
 198:Core/Src/opamp.c ****     __HAL_RCC_GPIOB_CLK_ENABLE();
 199:Core/Src/opamp.c ****     /**OPAMP3 GPIO Configuration
 200:Core/Src/opamp.c ****     PA1     ------> OPAMP3_VINP
 201:Core/Src/opamp.c ****     PB1     ------> OPAMP3_VOUT
 202:Core/Src/opamp.c ****     */
 203:Core/Src/opamp.c ****     GPIO_InitStruct.Pin = GPIO_PIN_1;
 204:Core/Src/opamp.c ****     GPIO_InitStruct.Mode = GPIO_MODE_ANALOG;
 205:Core/Src/opamp.c ****     GPIO_InitStruct.Pull = GPIO_NOPULL;
ARM GAS   			page 11


 206:Core/Src/opamp.c ****     HAL_GPIO_Init(GPIOA, &GPIO_InitStruct);
 207:Core/Src/opamp.c **** 
 208:Core/Src/opamp.c ****     GPIO_InitStruct.Pin = GPIO_PIN_1;
 209:Core/Src/opamp.c ****     GPIO_InitStruct.Mode = GPIO_MODE_ANALOG;
 210:Core/Src/opamp.c ****     GPIO_InitStruct.Pull = GPIO_NOPULL;
 211:Core/Src/opamp.c ****     HAL_GPIO_Init(GPIOB, &GPIO_InitStruct);
 212:Core/Src/opamp.c **** 
 213:Core/Src/opamp.c ****   /* USER CODE BEGIN OPAMP3_MspInit 1 */
 214:Core/Src/opamp.c **** 
 215:Core/Src/opamp.c ****   /* USER CODE END OPAMP3_MspInit 1 */
 216:Core/Src/opamp.c ****   }
 217:Core/Src/opamp.c ****   else if(opampHandle->Instance==OPAMP4)
 348              	 .loc 1 217 8 is_stmt 1 view .LVU105
 349              	 .loc 1 217 10 is_stmt 0 view .LVU106
 350 0024 3F4A     	 ldr r2,.L36+12
 351 0026 9342     	 cmp r3,r2
 352 0028 01D0     	 beq .L35
 353              	.LVL9:
 354              	.L26:
 218:Core/Src/opamp.c ****   {
 219:Core/Src/opamp.c ****   /* USER CODE BEGIN OPAMP4_MspInit 0 */
 220:Core/Src/opamp.c **** 
 221:Core/Src/opamp.c ****   /* USER CODE END OPAMP4_MspInit 0 */
 222:Core/Src/opamp.c **** 
 223:Core/Src/opamp.c ****     __HAL_RCC_GPIOB_CLK_ENABLE();
 224:Core/Src/opamp.c ****     /**OPAMP4 GPIO Configuration
 225:Core/Src/opamp.c ****     PB12     ------> OPAMP4_VOUT
 226:Core/Src/opamp.c ****     PB13     ------> OPAMP4_VINP
 227:Core/Src/opamp.c ****     */
 228:Core/Src/opamp.c ****     GPIO_InitStruct.Pin = GPIO_PIN_12|GPIO_PIN_13;
 229:Core/Src/opamp.c ****     GPIO_InitStruct.Mode = GPIO_MODE_ANALOG;
 230:Core/Src/opamp.c ****     GPIO_InitStruct.Pull = GPIO_NOPULL;
 231:Core/Src/opamp.c ****     HAL_GPIO_Init(GPIOB, &GPIO_InitStruct);
 232:Core/Src/opamp.c **** 
 233:Core/Src/opamp.c ****   /* USER CODE BEGIN OPAMP4_MspInit 1 */
 234:Core/Src/opamp.c **** 
 235:Core/Src/opamp.c ****   /* USER CODE END OPAMP4_MspInit 1 */
 236:Core/Src/opamp.c ****   }
 237:Core/Src/opamp.c **** }
 355              	 .loc 1 237 1 view .LVU107
 356 002a 0CB0     	 add sp,sp,#48
 357              	 .cfi_remember_state
 358              	 .cfi_def_cfa_offset 16
 359              	 
 360 002c D0BD     	 pop {r4,r6,r7,pc}
 361              	.LVL10:
 362              	.L35:
 363              	 .cfi_restore_state
 223:Core/Src/opamp.c ****     /**OPAMP4 GPIO Configuration
 364              	 .loc 1 223 5 is_stmt 1 view .LVU108
 365              	.LBB2:
 223:Core/Src/opamp.c ****     /**OPAMP4 GPIO Configuration
 366              	 .loc 1 223 5 view .LVU109
 223:Core/Src/opamp.c ****     /**OPAMP4 GPIO Configuration
 367              	 .loc 1 223 5 view .LVU110
 368 002e 3E4B     	 ldr r3,.L36+16
 369              	.LBE2:
ARM GAS   			page 12


 231:Core/Src/opamp.c **** 
 370              	 .loc 1 231 5 is_stmt 0 view .LVU111
 371 0030 3E48     	 ldr r0,.L36+20
 372              	.LVL11:
 373              	.LBB3:
 223:Core/Src/opamp.c ****     /**OPAMP4 GPIO Configuration
 374              	 .loc 1 223 5 view .LVU112
 375 0032 DA6C     	 ldr r2,[r3,#76]
 376 0034 42F00202 	 orr r2,r2,#2
 377 0038 DA64     	 str r2,[r3,#76]
 223:Core/Src/opamp.c ****     /**OPAMP4 GPIO Configuration
 378              	 .loc 1 223 5 is_stmt 1 view .LVU113
 379 003a DB6C     	 ldr r3,[r3,#76]
 380 003c 03F00203 	 and r3,r3,#2
 381              	.LBE3:
 228:Core/Src/opamp.c ****     GPIO_InitStruct.Mode = GPIO_MODE_ANALOG;
 382              	 .loc 1 228 25 is_stmt 0 view .LVU114
 383 0040 4FF44056 	 mov r6,#12288
 384 0044 0327     	 movs r7,#3
 385              	.LBB4:
 223:Core/Src/opamp.c ****     /**OPAMP4 GPIO Configuration
 386              	 .loc 1 223 5 view .LVU115
 387 0046 0593     	 str r3,[sp,#20]
 223:Core/Src/opamp.c ****     /**OPAMP4 GPIO Configuration
 388              	 .loc 1 223 5 is_stmt 1 view .LVU116
 389              	.LBE4:
 231:Core/Src/opamp.c **** 
 390              	 .loc 1 231 5 is_stmt 0 view .LVU117
 391 0048 06A9     	 add r1,sp,#24
 228:Core/Src/opamp.c ****     GPIO_InitStruct.Mode = GPIO_MODE_ANALOG;
 392              	 .loc 1 228 25 view .LVU118
 393 004a CDE90667 	 strd r6,[sp,#24]
 394              	.LBB5:
 223:Core/Src/opamp.c ****     /**OPAMP4 GPIO Configuration
 395              	 .loc 1 223 5 view .LVU119
 396 004e 059B     	 ldr r3,[sp,#20]
 397              	.LBE5:
 223:Core/Src/opamp.c ****     /**OPAMP4 GPIO Configuration
 398              	 .loc 1 223 5 is_stmt 1 view .LVU120
 228:Core/Src/opamp.c ****     GPIO_InitStruct.Mode = GPIO_MODE_ANALOG;
 399              	 .loc 1 228 5 view .LVU121
 229:Core/Src/opamp.c ****     GPIO_InitStruct.Pull = GPIO_NOPULL;
 400              	 .loc 1 229 5 view .LVU122
 230:Core/Src/opamp.c ****     HAL_GPIO_Init(GPIOB, &GPIO_InitStruct);
 401              	 .loc 1 230 5 view .LVU123
 231:Core/Src/opamp.c **** 
 402              	 .loc 1 231 5 view .LVU124
 403 0050 FFF7FEFF 	 bl HAL_GPIO_Init
 404              	.LVL12:
 405              	 .loc 1 237 1 is_stmt 0 view .LVU125
 406 0054 E9E7     	 b .L26
 407              	.LVL13:
 408              	.L32:
 151:Core/Src/opamp.c ****     /**OPAMP1 GPIO Configuration
 409              	 .loc 1 151 5 is_stmt 1 view .LVU126
 410              	.LBB6:
 151:Core/Src/opamp.c ****     /**OPAMP1 GPIO Configuration
ARM GAS   			page 13


 411              	 .loc 1 151 5 view .LVU127
 151:Core/Src/opamp.c ****     /**OPAMP1 GPIO Configuration
 412              	 .loc 1 151 5 view .LVU128
 413 0056 344B     	 ldr r3,.L36+16
 414 0058 DA6C     	 ldr r2,[r3,#76]
 415 005a 42F00102 	 orr r2,r2,#1
 416 005e DA64     	 str r2,[r3,#76]
 151:Core/Src/opamp.c ****     /**OPAMP1 GPIO Configuration
 417              	 .loc 1 151 5 view .LVU129
 418 0060 DB6C     	 ldr r3,[r3,#76]
 419 0062 03F00103 	 and r3,r3,#1
 420 0066 0093     	 str r3,[sp]
 151:Core/Src/opamp.c ****     /**OPAMP1 GPIO Configuration
 421              	 .loc 1 151 5 view .LVU130
 422              	.LBE6:
 156:Core/Src/opamp.c ****     GPIO_InitStruct.Mode = GPIO_MODE_ANALOG;
 423              	 .loc 1 156 25 is_stmt 0 view .LVU131
 424 0068 0C26     	 movs r6,#12
 425 006a 0327     	 movs r7,#3
 159:Core/Src/opamp.c **** 
 426              	 .loc 1 159 5 view .LVU132
 427 006c 06A9     	 add r1,sp,#24
 428 006e 4FF09040 	 mov r0,#1207959552
 429              	.LVL14:
 156:Core/Src/opamp.c ****     GPIO_InitStruct.Mode = GPIO_MODE_ANALOG;
 430              	 .loc 1 156 25 view .LVU133
 431 0072 CDE90667 	 strd r6,[sp,#24]
 432              	.LBB7:
 151:Core/Src/opamp.c ****     /**OPAMP1 GPIO Configuration
 433              	 .loc 1 151 5 view .LVU134
 434 0076 009B     	 ldr r3,[sp]
 435              	.LBE7:
 151:Core/Src/opamp.c ****     /**OPAMP1 GPIO Configuration
 436              	 .loc 1 151 5 is_stmt 1 view .LVU135
 156:Core/Src/opamp.c ****     GPIO_InitStruct.Mode = GPIO_MODE_ANALOG;
 437              	 .loc 1 156 5 view .LVU136
 157:Core/Src/opamp.c ****     GPIO_InitStruct.Pull = GPIO_NOPULL;
 438              	 .loc 1 157 5 view .LVU137
 158:Core/Src/opamp.c ****     HAL_GPIO_Init(GPIOA, &GPIO_InitStruct);
 439              	 .loc 1 158 5 view .LVU138
 159:Core/Src/opamp.c **** 
 440              	 .loc 1 159 5 view .LVU139
 441 0078 FFF7FEFF 	 bl HAL_GPIO_Init
 442              	.LVL15:
 443              	 .loc 1 237 1 is_stmt 0 view .LVU140
 444 007c 0CB0     	 add sp,sp,#48
 445              	 .cfi_remember_state
 446              	 .cfi_def_cfa_offset 16
 447              	 
 448 007e D0BD     	 pop {r4,r6,r7,pc}
 449              	.LVL16:
 450              	.L33:
 451              	 .cfi_restore_state
 171:Core/Src/opamp.c ****     __HAL_RCC_GPIOB_CLK_ENABLE();
 452              	 .loc 1 171 5 is_stmt 1 view .LVU141
 453              	.LBB8:
 171:Core/Src/opamp.c ****     __HAL_RCC_GPIOB_CLK_ENABLE();
ARM GAS   			page 14


 454              	 .loc 1 171 5 view .LVU142
 171:Core/Src/opamp.c ****     __HAL_RCC_GPIOB_CLK_ENABLE();
 455              	 .loc 1 171 5 view .LVU143
 456 0080 294B     	 ldr r3,.L36+16
 457 0082 DA6C     	 ldr r2,[r3,#76]
 458 0084 42F00102 	 orr r2,r2,#1
 459 0088 DA64     	 str r2,[r3,#76]
 171:Core/Src/opamp.c ****     __HAL_RCC_GPIOB_CLK_ENABLE();
 460              	 .loc 1 171 5 view .LVU144
 461 008a DA6C     	 ldr r2,[r3,#76]
 462 008c 02F00102 	 and r2,r2,#1
 463 0090 0192     	 str r2,[sp,#4]
 171:Core/Src/opamp.c ****     __HAL_RCC_GPIOB_CLK_ENABLE();
 464              	 .loc 1 171 5 view .LVU145
 465 0092 019A     	 ldr r2,[sp,#4]
 466              	.LBE8:
 171:Core/Src/opamp.c ****     __HAL_RCC_GPIOB_CLK_ENABLE();
 467              	 .loc 1 171 5 view .LVU146
 172:Core/Src/opamp.c ****     /**OPAMP2 GPIO Configuration
 468              	 .loc 1 172 5 view .LVU147
 469              	.LBB9:
 172:Core/Src/opamp.c ****     /**OPAMP2 GPIO Configuration
 470              	 .loc 1 172 5 view .LVU148
 172:Core/Src/opamp.c ****     /**OPAMP2 GPIO Configuration
 471              	 .loc 1 172 5 view .LVU149
 472 0094 DA6C     	 ldr r2,[r3,#76]
 473 0096 42F00202 	 orr r2,r2,#2
 474 009a DA64     	 str r2,[r3,#76]
 172:Core/Src/opamp.c ****     /**OPAMP2 GPIO Configuration
 475              	 .loc 1 172 5 view .LVU150
 476 009c DB6C     	 ldr r3,[r3,#76]
 477 009e 03F00203 	 and r3,r3,#2
 478 00a2 0293     	 str r3,[sp,#8]
 172:Core/Src/opamp.c ****     /**OPAMP2 GPIO Configuration
 479              	 .loc 1 172 5 view .LVU151
 480              	.LBE9:
 177:Core/Src/opamp.c ****     GPIO_InitStruct.Mode = GPIO_MODE_ANALOG;
 481              	 .loc 1 177 25 is_stmt 0 view .LVU152
 482 00a4 4022     	 movs r2,#64
 180:Core/Src/opamp.c **** 
 483              	 .loc 1 180 5 view .LVU153
 484 00a6 06A9     	 add r1,sp,#24
 177:Core/Src/opamp.c ****     GPIO_InitStruct.Mode = GPIO_MODE_ANALOG;
 485              	 .loc 1 177 25 view .LVU154
 486 00a8 0323     	 movs r3,#3
 180:Core/Src/opamp.c **** 
 487              	 .loc 1 180 5 view .LVU155
 488 00aa 4FF09040 	 mov r0,#1207959552
 489              	.LVL17:
 177:Core/Src/opamp.c ****     GPIO_InitStruct.Mode = GPIO_MODE_ANALOG;
 490              	 .loc 1 177 25 view .LVU156
 491 00ae CDE90623 	 strd r2,[sp,#24]
 492              	.LBB10:
 172:Core/Src/opamp.c ****     /**OPAMP2 GPIO Configuration
 493              	 .loc 1 172 5 view .LVU157
 494 00b2 029B     	 ldr r3,[sp,#8]
 495              	.LBE10:
ARM GAS   			page 15


 172:Core/Src/opamp.c ****     /**OPAMP2 GPIO Configuration
 496              	 .loc 1 172 5 is_stmt 1 view .LVU158
 177:Core/Src/opamp.c ****     GPIO_InitStruct.Mode = GPIO_MODE_ANALOG;
 497              	 .loc 1 177 5 view .LVU159
 178:Core/Src/opamp.c ****     GPIO_InitStruct.Pull = GPIO_NOPULL;
 498              	 .loc 1 178 5 view .LVU160
 179:Core/Src/opamp.c ****     HAL_GPIO_Init(GPIOA, &GPIO_InitStruct);
 499              	 .loc 1 179 5 view .LVU161
 180:Core/Src/opamp.c **** 
 500              	 .loc 1 180 5 view .LVU162
 501 00b4 FFF7FEFF 	 bl HAL_GPIO_Init
 502              	.LVL18:
 182:Core/Src/opamp.c ****     GPIO_InitStruct.Mode = GPIO_MODE_ANALOG;
 503              	 .loc 1 182 5 view .LVU163
 183:Core/Src/opamp.c ****     GPIO_InitStruct.Pull = GPIO_NOPULL;
 504              	 .loc 1 183 5 view .LVU164
 182:Core/Src/opamp.c ****     GPIO_InitStruct.Mode = GPIO_MODE_ANALOG;
 505              	 .loc 1 182 25 is_stmt 0 view .LVU165
 506 00b8 0122     	 movs r2,#1
 507 00ba 0323     	 movs r3,#3
 185:Core/Src/opamp.c **** 
 508              	 .loc 1 185 5 view .LVU166
 509 00bc 1B48     	 ldr r0,.L36+20
 184:Core/Src/opamp.c ****     HAL_GPIO_Init(GPIOB, &GPIO_InitStruct);
 510              	 .loc 1 184 26 view .LVU167
 511 00be 0894     	 str r4,[sp,#32]
 185:Core/Src/opamp.c **** 
 512              	 .loc 1 185 5 view .LVU168
 513 00c0 06A9     	 add r1,sp,#24
 182:Core/Src/opamp.c ****     GPIO_InitStruct.Mode = GPIO_MODE_ANALOG;
 514              	 .loc 1 182 25 view .LVU169
 515 00c2 CDE90623 	 strd r2,[sp,#24]
 184:Core/Src/opamp.c ****     HAL_GPIO_Init(GPIOB, &GPIO_InitStruct);
 516              	 .loc 1 184 5 is_stmt 1 view .LVU170
 185:Core/Src/opamp.c **** 
 517              	 .loc 1 185 5 view .LVU171
 518 00c6 FFF7FEFF 	 bl HAL_GPIO_Init
 519              	.LVL19:
 520              	 .loc 1 237 1 is_stmt 0 view .LVU172
 521 00ca 0CB0     	 add sp,sp,#48
 522              	 .cfi_remember_state
 523              	 .cfi_def_cfa_offset 16
 524              	 
 525 00cc D0BD     	 pop {r4,r6,r7,pc}
 526              	.LVL20:
 527              	.L34:
 528              	 .cfi_restore_state
 197:Core/Src/opamp.c ****     __HAL_RCC_GPIOB_CLK_ENABLE();
 529              	 .loc 1 197 5 is_stmt 1 view .LVU173
 530              	.LBB11:
 197:Core/Src/opamp.c ****     __HAL_RCC_GPIOB_CLK_ENABLE();
 531              	 .loc 1 197 5 view .LVU174
 197:Core/Src/opamp.c ****     __HAL_RCC_GPIOB_CLK_ENABLE();
 532              	 .loc 1 197 5 view .LVU175
 533 00ce 164B     	 ldr r3,.L36+16
 534 00d0 DA6C     	 ldr r2,[r3,#76]
 535 00d2 42F00102 	 orr r2,r2,#1
ARM GAS   			page 16


 536 00d6 DA64     	 str r2,[r3,#76]
 197:Core/Src/opamp.c ****     __HAL_RCC_GPIOB_CLK_ENABLE();
 537              	 .loc 1 197 5 view .LVU176
 538 00d8 DA6C     	 ldr r2,[r3,#76]
 539 00da 02F00102 	 and r2,r2,#1
 540 00de 0392     	 str r2,[sp,#12]
 197:Core/Src/opamp.c ****     __HAL_RCC_GPIOB_CLK_ENABLE();
 541              	 .loc 1 197 5 view .LVU177
 542 00e0 039A     	 ldr r2,[sp,#12]
 543              	.LBE11:
 197:Core/Src/opamp.c ****     __HAL_RCC_GPIOB_CLK_ENABLE();
 544              	 .loc 1 197 5 view .LVU178
 198:Core/Src/opamp.c ****     /**OPAMP3 GPIO Configuration
 545              	 .loc 1 198 5 view .LVU179
 546              	.LBB12:
 198:Core/Src/opamp.c ****     /**OPAMP3 GPIO Configuration
 547              	 .loc 1 198 5 view .LVU180
 198:Core/Src/opamp.c ****     /**OPAMP3 GPIO Configuration
 548              	 .loc 1 198 5 view .LVU181
 549 00e2 DA6C     	 ldr r2,[r3,#76]
 550 00e4 42F00202 	 orr r2,r2,#2
 551 00e8 DA64     	 str r2,[r3,#76]
 198:Core/Src/opamp.c ****     /**OPAMP3 GPIO Configuration
 552              	 .loc 1 198 5 view .LVU182
 553 00ea DB6C     	 ldr r3,[r3,#76]
 554 00ec 03F00203 	 and r3,r3,#2
 555 00f0 0493     	 str r3,[sp,#16]
 198:Core/Src/opamp.c ****     /**OPAMP3 GPIO Configuration
 556              	 .loc 1 198 5 view .LVU183
 557              	.LBE12:
 203:Core/Src/opamp.c ****     GPIO_InitStruct.Mode = GPIO_MODE_ANALOG;
 558              	 .loc 1 203 25 is_stmt 0 view .LVU184
 559 00f2 0226     	 movs r6,#2
 560 00f4 0327     	 movs r7,#3
 206:Core/Src/opamp.c **** 
 561              	 .loc 1 206 5 view .LVU185
 562 00f6 06A9     	 add r1,sp,#24
 563 00f8 4FF09040 	 mov r0,#1207959552
 564              	.LVL21:
 565              	.LBB13:
 198:Core/Src/opamp.c ****     /**OPAMP3 GPIO Configuration
 566              	 .loc 1 198 5 view .LVU186
 567 00fc 049B     	 ldr r3,[sp,#16]
 568              	.LBE13:
 198:Core/Src/opamp.c ****     /**OPAMP3 GPIO Configuration
 569              	 .loc 1 198 5 is_stmt 1 view .LVU187
 203:Core/Src/opamp.c ****     GPIO_InitStruct.Mode = GPIO_MODE_ANALOG;
 570              	 .loc 1 203 5 view .LVU188
 204:Core/Src/opamp.c ****     GPIO_InitStruct.Pull = GPIO_NOPULL;
 571              	 .loc 1 204 5 view .LVU189
 205:Core/Src/opamp.c ****     HAL_GPIO_Init(GPIOA, &GPIO_InitStruct);
 572              	 .loc 1 205 5 view .LVU190
 206:Core/Src/opamp.c **** 
 573              	 .loc 1 206 5 view .LVU191
 203:Core/Src/opamp.c ****     GPIO_InitStruct.Mode = GPIO_MODE_ANALOG;
 574              	 .loc 1 203 25 is_stmt 0 view .LVU192
 575 00fe CDE90667 	 strd r6,[sp,#24]
ARM GAS   			page 17


 206:Core/Src/opamp.c **** 
 576              	 .loc 1 206 5 view .LVU193
 577 0102 FFF7FEFF 	 bl HAL_GPIO_Init
 578              	.LVL22:
 208:Core/Src/opamp.c ****     GPIO_InitStruct.Mode = GPIO_MODE_ANALOG;
 579              	 .loc 1 208 5 is_stmt 1 view .LVU194
 209:Core/Src/opamp.c ****     GPIO_InitStruct.Pull = GPIO_NOPULL;
 580              	 .loc 1 209 5 view .LVU195
 211:Core/Src/opamp.c **** 
 581              	 .loc 1 211 5 is_stmt 0 view .LVU196
 582 0106 0948     	 ldr r0,.L36+20
 210:Core/Src/opamp.c ****     HAL_GPIO_Init(GPIOB, &GPIO_InitStruct);
 583              	 .loc 1 210 26 view .LVU197
 584 0108 0894     	 str r4,[sp,#32]
 211:Core/Src/opamp.c **** 
 585              	 .loc 1 211 5 view .LVU198
 586 010a 06A9     	 add r1,sp,#24
 208:Core/Src/opamp.c ****     GPIO_InitStruct.Mode = GPIO_MODE_ANALOG;
 587              	 .loc 1 208 25 view .LVU199
 588 010c CDE90667 	 strd r6,[sp,#24]
 210:Core/Src/opamp.c ****     HAL_GPIO_Init(GPIOB, &GPIO_InitStruct);
 589              	 .loc 1 210 5 is_stmt 1 view .LVU200
 211:Core/Src/opamp.c **** 
 590              	 .loc 1 211 5 view .LVU201
 591 0110 FFF7FEFF 	 bl HAL_GPIO_Init
 592              	.LVL23:
 593              	 .loc 1 237 1 is_stmt 0 view .LVU202
 594 0114 0CB0     	 add sp,sp,#48
 595              	 .cfi_def_cfa_offset 16
 596              	 
 597 0116 D0BD     	 pop {r4,r6,r7,pc}
 598              	.L37:
 599              	 .align 2
 600              	.L36:
 601 0118 00030140 	 .word 1073808128
 602 011c 04030140 	 .word 1073808132
 603 0120 08030140 	 .word 1073808136
 604 0124 0C030140 	 .word 1073808140
 605 0128 00100240 	 .word 1073876992
 606 012c 00040048 	 .word 1207960576
 607              	 .cfi_endproc
 608              	.LFE365:
 610              	 .section .text.HAL_OPAMP_MspDeInit,"ax",%progbits
 611              	 .align 1
 612              	 .p2align 2,,3
 613              	 .global HAL_OPAMP_MspDeInit
 614              	 .syntax unified
 615              	 .thumb
 616              	 .thumb_func
 618              	HAL_OPAMP_MspDeInit:
 619              	.LVL24:
 620              	.LFB366:
 238:Core/Src/opamp.c **** 
 239:Core/Src/opamp.c **** void HAL_OPAMP_MspDeInit(OPAMP_HandleTypeDef* opampHandle)
 240:Core/Src/opamp.c **** {
 621              	 .loc 1 240 1 is_stmt 1 view-0
 622              	 .cfi_startproc
ARM GAS   			page 18


 623              	 
 624              	 
 241:Core/Src/opamp.c **** 
 242:Core/Src/opamp.c ****   if(opampHandle->Instance==OPAMP1)
 625              	 .loc 1 242 3 view .LVU204
 240:Core/Src/opamp.c **** 
 626              	 .loc 1 240 1 is_stmt 0 view .LVU205
 627 0000 08B5     	 push {r3,lr}
 628              	 .cfi_def_cfa_offset 8
 629              	 .cfi_offset 3,-8
 630              	 .cfi_offset 14,-4
 631              	 .loc 1 242 5 view .LVU206
 632 0002 194A     	 ldr r2,.L48
 633              	 .loc 1 242 17 view .LVU207
 634 0004 0368     	 ldr r3,[r0]
 635              	 .loc 1 242 5 view .LVU208
 636 0006 9342     	 cmp r3,r2
 637 0008 10D0     	 beq .L44
 243:Core/Src/opamp.c ****   {
 244:Core/Src/opamp.c ****   /* USER CODE BEGIN OPAMP1_MspDeInit 0 */
 245:Core/Src/opamp.c **** 
 246:Core/Src/opamp.c ****   /* USER CODE END OPAMP1_MspDeInit 0 */
 247:Core/Src/opamp.c **** 
 248:Core/Src/opamp.c ****     /**OPAMP1 GPIO Configuration
 249:Core/Src/opamp.c ****     PA2     ------> OPAMP1_VOUT
 250:Core/Src/opamp.c ****     PA3     ------> OPAMP1_VINP
 251:Core/Src/opamp.c ****     */
 252:Core/Src/opamp.c ****     HAL_GPIO_DeInit(GPIOA, GPIO_PIN_2|GPIO_PIN_3);
 253:Core/Src/opamp.c **** 
 254:Core/Src/opamp.c ****   /* USER CODE BEGIN OPAMP1_MspDeInit 1 */
 255:Core/Src/opamp.c **** 
 256:Core/Src/opamp.c ****   /* USER CODE END OPAMP1_MspDeInit 1 */
 257:Core/Src/opamp.c ****   }
 258:Core/Src/opamp.c ****   else if(opampHandle->Instance==OPAMP2)
 638              	 .loc 1 258 8 is_stmt 1 view .LVU209
 639              	 .loc 1 258 10 is_stmt 0 view .LVU210
 640 000a 184A     	 ldr r2,.L48+4
 641 000c 9342     	 cmp r3,r2
 642 000e 14D0     	 beq .L45
 259:Core/Src/opamp.c ****   {
 260:Core/Src/opamp.c ****   /* USER CODE BEGIN OPAMP2_MspDeInit 0 */
 261:Core/Src/opamp.c **** 
 262:Core/Src/opamp.c ****   /* USER CODE END OPAMP2_MspDeInit 0 */
 263:Core/Src/opamp.c **** 
 264:Core/Src/opamp.c ****     /**OPAMP2 GPIO Configuration
 265:Core/Src/opamp.c ****     PA6     ------> OPAMP2_VOUT
 266:Core/Src/opamp.c ****     PB0     ------> OPAMP2_VINP
 267:Core/Src/opamp.c ****     */
 268:Core/Src/opamp.c ****     HAL_GPIO_DeInit(GPIOA, GPIO_PIN_6);
 269:Core/Src/opamp.c **** 
 270:Core/Src/opamp.c ****     HAL_GPIO_DeInit(GPIOB, GPIO_PIN_0);
 271:Core/Src/opamp.c **** 
 272:Core/Src/opamp.c ****   /* USER CODE BEGIN OPAMP2_MspDeInit 1 */
 273:Core/Src/opamp.c **** 
 274:Core/Src/opamp.c ****   /* USER CODE END OPAMP2_MspDeInit 1 */
 275:Core/Src/opamp.c ****   }
 276:Core/Src/opamp.c ****   else if(opampHandle->Instance==OPAMP3)
ARM GAS   			page 19


 643              	 .loc 1 276 8 is_stmt 1 view .LVU211
 644              	 .loc 1 276 10 is_stmt 0 view .LVU212
 645 0010 174A     	 ldr r2,.L48+8
 646 0012 9342     	 cmp r3,r2
 647 0014 1CD0     	 beq .L46
 277:Core/Src/opamp.c ****   {
 278:Core/Src/opamp.c ****   /* USER CODE BEGIN OPAMP3_MspDeInit 0 */
 279:Core/Src/opamp.c **** 
 280:Core/Src/opamp.c ****   /* USER CODE END OPAMP3_MspDeInit 0 */
 281:Core/Src/opamp.c **** 
 282:Core/Src/opamp.c ****     /**OPAMP3 GPIO Configuration
 283:Core/Src/opamp.c ****     PA1     ------> OPAMP3_VINP
 284:Core/Src/opamp.c ****     PB1     ------> OPAMP3_VOUT
 285:Core/Src/opamp.c ****     */
 286:Core/Src/opamp.c ****     HAL_GPIO_DeInit(GPIOA, GPIO_PIN_1);
 287:Core/Src/opamp.c **** 
 288:Core/Src/opamp.c ****     HAL_GPIO_DeInit(GPIOB, GPIO_PIN_1);
 289:Core/Src/opamp.c **** 
 290:Core/Src/opamp.c ****   /* USER CODE BEGIN OPAMP3_MspDeInit 1 */
 291:Core/Src/opamp.c **** 
 292:Core/Src/opamp.c ****   /* USER CODE END OPAMP3_MspDeInit 1 */
 293:Core/Src/opamp.c ****   }
 294:Core/Src/opamp.c ****   else if(opampHandle->Instance==OPAMP4)
 648              	 .loc 1 294 8 is_stmt 1 view .LVU213
 649              	 .loc 1 294 10 is_stmt 0 view .LVU214
 650 0016 174A     	 ldr r2,.L48+12
 651 0018 9342     	 cmp r3,r2
 652 001a 00D0     	 beq .L47
 295:Core/Src/opamp.c ****   {
 296:Core/Src/opamp.c ****   /* USER CODE BEGIN OPAMP4_MspDeInit 0 */
 297:Core/Src/opamp.c **** 
 298:Core/Src/opamp.c ****   /* USER CODE END OPAMP4_MspDeInit 0 */
 299:Core/Src/opamp.c **** 
 300:Core/Src/opamp.c ****     /**OPAMP4 GPIO Configuration
 301:Core/Src/opamp.c ****     PB12     ------> OPAMP4_VOUT
 302:Core/Src/opamp.c ****     PB13     ------> OPAMP4_VINP
 303:Core/Src/opamp.c ****     */
 304:Core/Src/opamp.c ****     HAL_GPIO_DeInit(GPIOB, GPIO_PIN_12|GPIO_PIN_13);
 305:Core/Src/opamp.c **** 
 306:Core/Src/opamp.c ****   /* USER CODE BEGIN OPAMP4_MspDeInit 1 */
 307:Core/Src/opamp.c **** 
 308:Core/Src/opamp.c ****   /* USER CODE END OPAMP4_MspDeInit 1 */
 309:Core/Src/opamp.c ****   }
 310:Core/Src/opamp.c **** }
 653              	 .loc 1 310 1 view .LVU215
 654 001c 08BD     	 pop {r3,pc}
 655              	.L47:
 304:Core/Src/opamp.c **** 
 656              	 .loc 1 304 5 is_stmt 1 view .LVU216
 657              	 .loc 1 310 1 is_stmt 0 view .LVU217
 658 001e BDE80840 	 pop {r3,lr}
 659              	 .cfi_remember_state
 660              	 .cfi_restore 14
 661              	 .cfi_restore 3
 662              	 .cfi_def_cfa_offset 0
 304:Core/Src/opamp.c **** 
 663              	 .loc 1 304 5 view .LVU218
ARM GAS   			page 20


 664 0022 1548     	 ldr r0,.L48+16
 665              	.LVL25:
 304:Core/Src/opamp.c **** 
 666              	 .loc 1 304 5 view .LVU219
 667 0024 4FF44051 	 mov r1,#12288
 668 0028 FFF7FEBF 	 b HAL_GPIO_DeInit
 669              	.LVL26:
 670              	.L44:
 671              	 .cfi_restore_state
 252:Core/Src/opamp.c **** 
 672              	 .loc 1 252 5 is_stmt 1 view .LVU220
 673              	 .loc 1 310 1 is_stmt 0 view .LVU221
 674 002c BDE80840 	 pop {r3,lr}
 675              	 .cfi_remember_state
 676              	 .cfi_restore 14
 677              	 .cfi_restore 3
 678              	 .cfi_def_cfa_offset 0
 252:Core/Src/opamp.c **** 
 679              	 .loc 1 252 5 view .LVU222
 680 0030 0C21     	 movs r1,#12
 681 0032 4FF09040 	 mov r0,#1207959552
 682              	.LVL27:
 252:Core/Src/opamp.c **** 
 683              	 .loc 1 252 5 view .LVU223
 684 0036 FFF7FEBF 	 b HAL_GPIO_DeInit
 685              	.LVL28:
 686              	.L45:
 687              	 .cfi_restore_state
 268:Core/Src/opamp.c **** 
 688              	 .loc 1 268 5 is_stmt 1 view .LVU224
 689 003a 4021     	 movs r1,#64
 690 003c 4FF09040 	 mov r0,#1207959552
 691              	.LVL29:
 268:Core/Src/opamp.c **** 
 692              	 .loc 1 268 5 is_stmt 0 view .LVU225
 693 0040 FFF7FEFF 	 bl HAL_GPIO_DeInit
 694              	.LVL30:
 270:Core/Src/opamp.c **** 
 695              	 .loc 1 270 5 is_stmt 1 view .LVU226
 696              	 .loc 1 310 1 is_stmt 0 view .LVU227
 697 0044 BDE80840 	 pop {r3,lr}
 698              	 .cfi_remember_state
 699              	 .cfi_restore 14
 700              	 .cfi_restore 3
 701              	 .cfi_def_cfa_offset 0
 270:Core/Src/opamp.c **** 
 702              	 .loc 1 270 5 view .LVU228
 703 0048 0B48     	 ldr r0,.L48+16
 704 004a 0121     	 movs r1,#1
 705 004c FFF7FEBF 	 b HAL_GPIO_DeInit
 706              	.LVL31:
 707              	.L46:
 708              	 .cfi_restore_state
 286:Core/Src/opamp.c **** 
 709              	 .loc 1 286 5 is_stmt 1 view .LVU229
 710 0050 0221     	 movs r1,#2
 711 0052 4FF09040 	 mov r0,#1207959552
ARM GAS   			page 21


 712              	.LVL32:
 286:Core/Src/opamp.c **** 
 713              	 .loc 1 286 5 is_stmt 0 view .LVU230
 714 0056 FFF7FEFF 	 bl HAL_GPIO_DeInit
 715              	.LVL33:
 288:Core/Src/opamp.c **** 
 716              	 .loc 1 288 5 is_stmt 1 view .LVU231
 717              	 .loc 1 310 1 is_stmt 0 view .LVU232
 718 005a BDE80840 	 pop {r3,lr}
 719              	 .cfi_restore 14
 720              	 .cfi_restore 3
 721              	 .cfi_def_cfa_offset 0
 288:Core/Src/opamp.c **** 
 722              	 .loc 1 288 5 view .LVU233
 723 005e 0648     	 ldr r0,.L48+16
 724 0060 0221     	 movs r1,#2
 725 0062 FFF7FEBF 	 b HAL_GPIO_DeInit
 726              	.LVL34:
 727              	.L49:
 728 0066 00BF     	 .align 2
 729              	.L48:
 730 0068 00030140 	 .word 1073808128
 731 006c 04030140 	 .word 1073808132
 732 0070 08030140 	 .word 1073808136
 733 0074 0C030140 	 .word 1073808140
 734 0078 00040048 	 .word 1207960576
 735              	 .cfi_endproc
 736              	.LFE366:
 738              	 .global hopamp4
 739              	 .section .bss.hopamp4,"aw",%nobits
 740              	 .align 3
 743              	hopamp4:
 744 0000 00000000 	 .space 60
 744      00000000 
 744      00000000 
 744      00000000 
 744      00000000 
 745              	 .global hopamp3
 746              	 .section .bss.hopamp3,"aw",%nobits
 747              	 .align 3
 750              	hopamp3:
 751 0000 00000000 	 .space 60
 751      00000000 
 751      00000000 
 751      00000000 
 751      00000000 
 752              	 .global hopamp2
 753              	 .section .bss.hopamp2,"aw",%nobits
 754              	 .align 3
 757              	hopamp2:
 758 0000 00000000 	 .space 60
 758      00000000 
 758      00000000 
 758      00000000 
 758      00000000 
 759              	 .global hopamp1
 760              	 .section .bss.hopamp1,"aw",%nobits
ARM GAS   			page 22


 761              	 .align 3
 764              	hopamp1:
 765 0000 00000000 	 .space 60
 765      00000000 
 765      00000000 
 765      00000000 
 765      00000000 
 766              	 .text
 767              	.Letext0:
 768              	 .file 2 "D:/msys2/mingw64/arm-none-eabi/include/machine/_default_types.h"
 769              	 .file 3 "D:/msys2/mingw64/arm-none-eabi/include/sys/_stdint.h"
 770              	 .file 4 "Drivers/CMSIS/Device/ST/STM32G4xx/Include/stm32g474xx.h"
 771              	 .file 5 "Drivers/CMSIS/Device/ST/STM32G4xx/Include/stm32g4xx.h"
 772              	 .file 6 "Drivers/STM32G4xx_HAL_Driver/Inc/stm32g4xx_hal_def.h"
 773              	 .file 7 "Drivers/STM32G4xx_HAL_Driver/Inc/stm32g4xx_hal_gpio.h"
 774              	 .file 8 "Drivers/STM32G4xx_HAL_Driver/Inc/stm32g4xx_hal_opamp.h"
 775              	 .file 9 "Core/Inc/opamp.h"
 776              	 .file 10 "Core/Inc/main.h"
ARM GAS   			page 23


DEFINED SYMBOLS
                            *ABS*:00000000 opamp.c
    {standard input}:19     .text.MX_OPAMP1_Init:00000000 $t
    {standard input}:26     .text.MX_OPAMP1_Init:00000000 MX_OPAMP1_Init
    {standard input}:82     .text.MX_OPAMP1_Init:0000002c $d
    {standard input}:764    .bss.hopamp1:00000000 hopamp1
    {standard input}:88     .text.MX_OPAMP2_Init:00000000 $t
    {standard input}:95     .text.MX_OPAMP2_Init:00000000 MX_OPAMP2_Init
    {standard input}:154    .text.MX_OPAMP2_Init:0000002c $d
    {standard input}:757    .bss.hopamp2:00000000 hopamp2
    {standard input}:160    .text.MX_OPAMP3_Init:00000000 $t
    {standard input}:167    .text.MX_OPAMP3_Init:00000000 MX_OPAMP3_Init
    {standard input}:226    .text.MX_OPAMP3_Init:0000002c $d
    {standard input}:750    .bss.hopamp3:00000000 hopamp3
    {standard input}:232    .text.MX_OPAMP4_Init:00000000 $t
    {standard input}:239    .text.MX_OPAMP4_Init:00000000 MX_OPAMP4_Init
    {standard input}:292    .text.MX_OPAMP4_Init:00000028 $d
    {standard input}:743    .bss.hopamp4:00000000 hopamp4
    {standard input}:298    .text.HAL_OPAMP_MspInit:00000000 $t
    {standard input}:305    .text.HAL_OPAMP_MspInit:00000000 HAL_OPAMP_MspInit
    {standard input}:601    .text.HAL_OPAMP_MspInit:00000118 $d
    {standard input}:611    .text.HAL_OPAMP_MspDeInit:00000000 $t
    {standard input}:618    .text.HAL_OPAMP_MspDeInit:00000000 HAL_OPAMP_MspDeInit
    {standard input}:730    .text.HAL_OPAMP_MspDeInit:00000068 $d
    {standard input}:740    .bss.hopamp4:00000000 $d
    {standard input}:747    .bss.hopamp3:00000000 $d
    {standard input}:754    .bss.hopamp2:00000000 $d
    {standard input}:761    .bss.hopamp1:00000000 $d
                           .group:00000000 wm4.0.0a7385083264a66d46f50bd0ca9333d7
                           .group:00000000 wm4.stm32g4xx_hal_conf.h.23.29f848e16b8f40ab9160f466e02fbac5
                           .group:00000000 wm4.stm32g4xx.h.38.4ce5d67cecf3db23972af81b516b937b
                           .group:00000000 wm4.stm32g474xx.h.34.0f14ed7ce45f8c3c7c55af7520d7efa5
                           .group:00000000 wm4._newlib_version.h.4.0eb654b64686e2bd29646258853f6c22
                           .group:00000000 wm4.features.h.33.d554620bb17bd3b714c3fb5c268772bc
                           .group:00000000 wm4._default_types.h.15.247e5cd201eca3442cbf5404108c4935
                           .group:00000000 wm4._intsup.h.10.48bafbb683905c4daa4565a85aeeb264
                           .group:00000000 wm4._stdint.h.10.c24fa3af3bc1706662bb5593a907e841
                           .group:00000000 wm4.stdint.h.23.d53047a68f4a85177f80b422d52785ed
                           .group:00000000 wm4.cmsis_version.h.32.46e8eccfa2cfeaae11d008bb2823a3ed
                           .group:00000000 wm4.core_cm4.h.66.e4ff136c4a17abc46741866f64f8e729
                           .group:00000000 wm4.cmsis_gcc.h.26.78077cef1206e937f7b56043ffca496a
                           .group:00000000 wm4.core_cm4.h.174.fcddd62df80231752fa39eb9b61dadfe
                           .group:00000000 wm4.mpu_armv7.h.32.4049752bb5792d4e15357775e9506cfc
                           .group:00000000 wm4.stm32g474xx.h.714.40df4d5d8bd1a3a0e2dcb49e18b09038
                           .group:00000000 wm4.stm32g4xx.h.158.aa4340ed3b15fb0d4b1741cf5ce96563
                           .group:00000000 wm4.stm32_hal_legacy.h.22.e1e932ae083ad1562e3b1af87ae47999
                           .group:00000000 wm4.stddef.h.39.0dc9006b34572d4d9cae4c8b422c4971
                           .group:00000000 wm4.stm32g4xx_hal_def.h.57.460ac21f0caebde175d7222cb23afe15
                           .group:00000000 wm4.stm32g4xx_hal_rcc.h.135.8d28bdf720f4165758e115c83d05a7c2
                           .group:00000000 wm4.stm32g4xx_hal_rcc_ex.h.20.a381de89af88802207f549f948fabbc4
                           .group:00000000 wm4.stm32g4xx_hal_gpio.h.21.2ca30689d7a5ad939e06f5298d557243
                           .group:00000000 wm4.stm32g4xx_hal_gpio_ex.h.22.1b7da6fc7615b2341724123ae8e461d9
                           .group:00000000 wm4.stm32g4xx_hal_dma.h.21.2e23b0d56595a6b838cda841e78b2cf2
                           .group:00000000 wm4.stm32g4xx_hal_dma_ex.h.21.93a1fe56678997ad72754076070f4a0d
                           .group:00000000 wm4.stm32g4xx_hal_dma.h.803.dd88ea57b632f588d556f066658ac8d8
                           .group:00000000 wm4.stm32g4xx_hal_cortex.h.20.1ad77fb6b4fc679887cb0a980ea44a7a
                           .group:00000000 wm4.stm32g4xx_ll_adc.h.21.8052bcc80fb264686ac0eb0df096b4eb
ARM GAS   			page 24


                           .group:00000000 wm4.stm32g4xx_hal_adc.h.441.b9143c2a34e1e7389f3042e2226178dc
                           .group:00000000 wm4.stm32g4xx_hal_adc_ex.h.21.bf5e513b0c782ac53971b6599734b8c4
                           .group:00000000 wm4.stm32g4xx_ll_exti.h.21.3148a6980741767f71761eb445f346e9
                           .group:00000000 wm4.stm32g4xx_hal_comp.h.74.993852ecfac8b19c902e64e33c61511c
                           .group:00000000 wm4.stm32g4xx_hal_dac.h.21.db627068e52007634376a4c972c5d419
                           .group:00000000 wm4.stm32g4xx_hal_dac_ex.h.21.3725e9b2e9e08a08e2a598b2d2f18a92
                           .group:00000000 wm4.stm32g4xx_hal_exti.h.21.723acd8e98480aae634680651af4eb2a
                           .group:00000000 wm4.stm32g4xx_hal_fdcan.h.21.7e3b4b48cfc4adf8b669f7e4b16ec2a0
                           .group:00000000 wm4.stm32g4xx_hal_flash.h.20.d5eb04c7abbe2eb79b40a04b3414a774
                           .group:00000000 wm4.stm32g4xx_hal_flash.h.868.06dd2f9ca2f40ac164951ad647480079
                           .group:00000000 wm4.stm32g4xx_hal_hrtim.h.21.5bb9cc2116aa63503a68d53ce84fbb8c
                           .group:00000000 wm4.stm32g4xx_hal_opamp.h.21.0de86917e81e98dccfa125838db59b66
                           .group:00000000 wm4.stm32g4xx_hal_pwr.h.21.9b149e14c0ecf58cee46e8fb7f654b77
                           .group:00000000 wm4.stm32g4xx_hal_pwr_ex.h.21.32206cbbd2cbec024b8600a98cfa3df7
                           .group:00000000 wm4.stm32g4xx_hal_tim.h.21.48998681c932026239437f6645b6b47f
                           .group:00000000 wm4.stm32g4xx_hal_tim_ex.h.21.931c546f492dcdbc9ac587da38712500
                           .group:00000000 wm4.stm32g4xx_hal.h.49.77ad48c45d6a59e5132483403b560be0
                           .group:00000000 wm4.main.h.60.b5d5fcf8e20642920eaa5e2c93fc5ae7

UNDEFINED SYMBOLS
HAL_OPAMP_Init
Error_Handler
HAL_GPIO_Init
HAL_GPIO_DeInit
